Arguments: 
  /Users/mateushenrique/.nvm/versions/node/v16.0.0/bin/node /opt/homebrew/Cellar/yarn/1.22.10/libexec/bin/yarn.js add @types/class-validator

PATH: 
  /Library/Internet Plug-Ins/JavaAppletPlugin.plugin/Contents/Home/bin:/Users/mateushenrique/.nvm/versions/node/v16.0.0/bin:/opt/homebrew/bin:/opt/homebrew/sbin:/usr/local/bin:/usr/bin:/bin:/usr/sbin:/sbin:/Library/Apple/usr/bin:/Library/Internet Plug-Ins/JavaAppletPlugin.plugin/Contents/Home/bin:/Users/mateushenrique/.nvm/versions/node/v16.0.0/bin:/opt/homebrew/bin:/opt/homebrew/sbin:/Users/mateushenrique/.zinit/polaris/bin:/Users/mateushenrique/Library/Android/sdk/emulator:/Users/mateushenrique/Library/Android/sdk/tools:/Users/mateushenrique/Library/Android/sdk/tools/bin:/Users/mateushenrique/Library/Android/sdk/platform-tools:/Users/mateushenrique/Library/Android/sdk/cmdline-tools/latest/bin://flutter/bin:/Users/mateushenrique/Library/Android/sdk/emulator:/Users/mateushenrique/Library/Android/sdk/tools:/Users/mateushenrique/Library/Android/sdk/tools/bin:/Users/mateushenrique/Library/Android/sdk/platform-tools:/Users/mateushenrique/Library/Android/sdk/cmdline-tools/latest/bin:/Users/mateushenrique/Library/Android/sdk/emulator:/Users/mateushenrique/Library/Android/sdk/tools:/Users/mateushenrique/Library/Android/sdk/tools/bin:/Users/mateushenrique/Library/Android/sdk/platform-tools:/Users/mateushenrique/Github/kafka-microservices/flutter/bin

Yarn version: 
  1.22.10

Node version: 
  16.0.0

Platform: 
  darwin arm64

Trace: 
  Error: https://registry.npmjs.org/@types%2fclass-validator: Not found
      at Request.params.callback [as _callback] (/opt/homebrew/Cellar/yarn/1.22.10/libexec/lib/cli.js:66988:18)
      at Request.self.callback (/opt/homebrew/Cellar/yarn/1.22.10/libexec/lib/cli.js:140749:22)
      at Request.emit (node:events:365:28)
      at Request.<anonymous> (/opt/homebrew/Cellar/yarn/1.22.10/libexec/lib/cli.js:141721:10)
      at Request.emit (node:events:365:28)
      at IncomingMessage.<anonymous> (/opt/homebrew/Cellar/yarn/1.22.10/libexec/lib/cli.js:141643:12)
      at Object.onceWrapper (node:events:471:28)
      at IncomingMessage.emit (node:events:377:35)
      at endReadableNT (node:internal/streams/readable:1312:12)
      at processTicksAndRejections (node:internal/process/task_queues:83:21)

npm manifest: 
  {
    "dependencies": {
      "class-validator": "^0.13.2"
    }
  }

yarn manifest: 
  No manifest

Lockfile: 
  # THIS IS AN AUTOGENERATED FILE. DO NOT EDIT THIS FILE DIRECTLY.
  # yarn lockfile v1
  
  
  class-validator@^0.13.2:
    version "0.13.2"
    resolved "https://registry.yarnpkg.com/class-validator/-/class-validator-0.13.2.tgz#64b031e9f3f81a1e1dcd04a5d604734608b24143"
    integrity sha512-yBUcQy07FPlGzUjoLuUfIOXzgynnQPPruyK1Ge2B74k9ROwnle1E+NxLWnUv5OLU8hA/qL5leAE9XnXq3byaBw==
    dependencies:
      libphonenumber-js "^1.9.43"
      validator "^13.7.0"
  
  libphonenumber-js@^1.9.43:
    version "1.9.43"
    resolved "https://registry.yarnpkg.com/libphonenumber-js/-/libphonenumber-js-1.9.43.tgz#2371e4383e6780990381d5b900b8c22666221cbb"
    integrity sha512-tNB87ZutAiAkl3DE/Bo0Mxqn/XZbNxhPg4v9bYBwQQW4dlhBGqXl1vtmPxeDWbrijzwOA9vRjOOFm5V9SK/W3w==
  
  validator@^13.7.0:
    version "13.7.0"
    resolved "https://registry.yarnpkg.com/validator/-/validator-13.7.0.tgz#4f9658ba13ba8f3d82ee881d3516489ea85c0857"
    integrity sha512-nYXQLCBkpJ8X6ltALua9dRrZDHVYxjJ1wgskNt1lH9fzGjs3tgojGSCBjmEPwkWS1y29+DrizMTW19Pr9uB2nw==
